src/components/ScheduleAI/GenerativeUIContainer.tsx(2,212): error TS2307: Cannot find module '@/hooks/useScheduleAgent' or its corresponding type declarations.
src/components/ScheduleAI/GenerativeUIContainer.tsx(3,20): error TS2307: Cannot find module '@/lib/utils' or its corresponding type declarations.
src/components/ScheduleAI/GenerativeUIContainer.tsx(5,36): error TS6142: Module './ConflictResolution' was resolved to '/Users/huangzhonghui/divinesense/web/src/components/ScheduleAI/ConflictResolution.tsx', but '--jsx' is not set.
src/components/ScheduleAI/GenerativeUIContainer.tsx(6,29): error TS6142: Module './MemoPreview' was resolved to '/Users/huangzhonghui/divinesense/web/src/components/ScheduleAI/MemoPreview.tsx', but '--jsx' is not set.
src/components/ScheduleAI/GenerativeUIContainer.tsx(7,38): error TS6142: Module './MemoSearchResultCard' was resolved to '/Users/huangzhonghui/divinesense/web/src/components/ScheduleAI/MemoSearchResultCard.tsx', but '--jsx' is not set.
src/components/ScheduleAI/GenerativeUIContainer.tsx(8,33): error TS6142: Module './ProgressTracker' was resolved to '/Users/huangzhonghui/divinesense/web/src/components/ScheduleAI/ProgressTracker.tsx', but '--jsx' is not set.
src/components/ScheduleAI/GenerativeUIContainer.tsx(9,30): error TS6142: Module './QuickActions' was resolved to '/Users/huangzhonghui/divinesense/web/src/components/ScheduleAI/QuickActions.tsx', but '--jsx' is not set.
src/components/ScheduleAI/GenerativeUIContainer.tsx(10,34): error TS6142: Module './ScheduleListCard' was resolved to '/Users/huangzhonghui/divinesense/web/src/components/ScheduleAI/ScheduleListCard.tsx', but '--jsx' is not set.
src/components/ScheduleAI/GenerativeUIContainer.tsx(11,40): error TS6142: Module './ScheduleSuggestionCard' was resolved to '/Users/huangzhonghui/divinesense/web/src/components/ScheduleAI/ScheduleSuggestionCard.tsx', but '--jsx' is not set.
src/components/ScheduleAI/GenerativeUIContainer.tsx(12,32): error TS6142: Module './TimeSlotPicker' was resolved to '/Users/huangzhonghui/divinesense/web/src/components/ScheduleAI/TimeSlotPicker.tsx', but '--jsx' is not set.
src/components/ScheduleAI/GenerativeUIContainer.tsx(56,5): error TS17004: Cannot use JSX unless the '--jsx' flag is provided.
src/components/ScheduleAI/GenerativeUIContainer.tsx(58,9): error TS17004: Cannot use JSX unless the '--jsx' flag is provided.
src/components/ScheduleAI/GenerativeUIContainer.tsx(117,14): error TS17004: Cannot use JSX unless the '--jsx' flag is provided.
src/components/ScheduleAI/GenerativeUIContainer.tsx(121,14): error TS17004: Cannot use JSX unless the '--jsx' flag is provided.
src/components/ScheduleAI/GenerativeUIContainer.tsx(124,14): error TS17004: Cannot use JSX unless the '--jsx' flag is provided.
src/components/ScheduleAI/GenerativeUIContainer.tsx(131,16): error TS17004: Cannot use JSX unless the '--jsx' flag is provided.
src/components/ScheduleAI/GenerativeUIContainer.tsx(134,14): error TS17004: Cannot use JSX unless the '--jsx' flag is provided.
src/components/ScheduleAI/GenerativeUIContainer.tsx(138,14): error TS17004: Cannot use JSX unless the '--jsx' flag is provided.
src/components/ScheduleAI/GenerativeUIContainer.tsx(143,14): error TS17004: Cannot use JSX unless the '--jsx' flag is provided.
src/components/ScheduleAI/GenerativeUIContainer.tsx(147,14): error TS17004: Cannot use JSX unless the '--jsx' flag is provided.
src/components/ScheduleAI/types.ts(15,8): error TS2307: Cannot find module '@/hooks/useScheduleAgent' or its corresponding type declarations.
src/components/ScheduleAI/types.ts(27,8): error TS2307: Cannot find module '@/hooks/useScheduleAgent' or its corresponding type declarations.
src/components/ScheduleAI/uiTypeValidators.ts(6,8): error TS2307: Cannot find module '@/hooks/useScheduleAgent' or its corresponding type declarations.
