src/components/ScheduleQuickInput/QuickEditPopover.tsx(1,8): error TS1259: Module '"/Users/huangzhonghui/divinesense/web/node_modules/.pnpm/dayjs@1.11.19/node_modules/dayjs/index"' can only be default-imported using the 'esModuleInterop' flag
src/components/ScheduleQuickInput/QuickEditPopover.tsx(5,66): error TS2307: Cannot find module '@/hooks/useScheduleQueries' or its corresponding type declarations.
src/components/ScheduleQuickInput/QuickEditPopover.tsx(6,56): error TS2307: Cannot find module '@/components/ui/popover' or its corresponding type declarations.
src/components/ScheduleQuickInput/QuickEditPopover.tsx(7,24): error TS2307: Cannot find module '@/components/ui/button' or its corresponding type declarations.
src/components/ScheduleQuickInput/QuickEditPopover.tsx(8,26): error TS2307: Cannot find module '@/components/ui/textarea' or its corresponding type declarations.
src/components/ScheduleQuickInput/QuickEditPopover.tsx(9,30): error TS2307: Cannot find module '@/utils/i18n' or its corresponding type declarations.
src/components/ScheduleQuickInput/QuickEditPopover.tsx(10,31): error TS2307: Cannot find module '@/types/proto/api/v1/schedule_service_pb' or its corresponding type declarations.
src/components/ScheduleQuickInput/QuickEditPopover.tsx(105,9): error TS17004: Cannot use JSX unless the '--jsx' flag is provided.
src/components/ScheduleQuickInput/QuickEditPopover.tsx(106,13): error TS17004: Cannot use JSX unless the '--jsx' flag is provided.
src/components/ScheduleQuickInput/QuickEditPopover.tsx(107,17): error TS17004: Cannot use JSX unless the '--jsx' flag is provided.
src/components/ScheduleQuickInput/QuickEditPopover.tsx(117,13): error TS17004: Cannot use JSX unless the '--jsx' flag is provided.
src/components/ScheduleQuickInput/QuickEditPopover.tsx(118,17): error TS17004: Cannot use JSX unless the '--jsx' flag is provided.
src/components/ScheduleQuickInput/QuickEditPopover.tsx(119,21): error TS17004: Cannot use JSX unless the '--jsx' flag is provided.
src/components/ScheduleQuickInput/QuickEditPopover.tsx(120,25): error TS17004: Cannot use JSX unless the '--jsx' flag is provided.
src/components/ScheduleQuickInput/QuickEditPopover.tsx(125,17): error TS17004: Cannot use JSX unless the '--jsx' flag is provided.
src/components/ScheduleQuickInput/QuickEditPopover.tsx(126,21): error TS17004: Cannot use JSX unless the '--jsx' flag is provided.
src/components/ScheduleQuickInput/QuickEditPopover.tsx(140,21): error TS17004: Cannot use JSX unless the '--jsx' flag is provided.
src/components/ScheduleQuickInput/QuickEditPopover.tsx(141,25): error TS17004: Cannot use JSX unless the '--jsx' flag is provided.
src/components/ScheduleQuickInput/QuickEditPopover.tsx(148,29): error TS17004: Cannot use JSX unless the '--jsx' flag is provided.
src/components/ScheduleQuickInput/QuickEditPopover.tsx(151,25): error TS17004: Cannot use JSX unless the '--jsx' flag is provided.
src/components/ScheduleQuickInput/QuickEditPopover.tsx(158,29): error TS17004: Cannot use JSX unless the '--jsx' flag is provided.
src/components/ScheduleQuickInput/QuickEditPopover.tsx(161,25): error TS17004: Cannot use JSX unless the '--jsx' flag is provided.
src/components/ScheduleQuickInput/QuickEditPopover.tsx(168,29): error TS17004: Cannot use JSX unless the '--jsx' flag is provided.
src/components/ScheduleQuickInput/QuickEditPopover.tsx(173,21): error TS17004: Cannot use JSX unless the '--jsx' flag is provided.
src/components/ScheduleQuickInput/QuickEditPopover.tsx(174,25): error TS17004: Cannot use JSX unless the '--jsx' flag is provided.
src/components/ScheduleQuickInput/QuickEditPopover.tsx(181,33): error TS17004: Cannot use JSX unless the '--jsx' flag is provided.
src/components/ScheduleQuickInput/QuickEditPopover.tsx(183,33): error TS17004: Cannot use JSX unless the '--jsx' flag is provided.
src/components/ScheduleQuickInput/QuickEditPopover.tsx(190,25): error TS17004: Cannot use JSX unless the '--jsx' flag is provided.
src/components/ScheduleQuickInput/QuickEditPopover.tsx(191,29): error TS17004: Cannot use JSX unless the '--jsx' flag is provided.
